[debug] [2020-05-08T10:58:29.854Z] ----------------------------------------------------------------------
[debug] [2020-05-08T10:58:29.858Z] Command:       C:\Program Files\nodejs\node.exe C:\Users\23480\AppData\Roaming\npm\node_modules\firebase-tools\lib\bin\firebase.js functions:config:set gmail.email=g.joshua.e@gmail.com gmail.password=pinkBina1
[debug] [2020-05-08T10:58:29.858Z] CLI Version:   8.2.0
[debug] [2020-05-08T10:58:29.858Z] Platform:      win32
[debug] [2020-05-08T10:58:29.859Z] Node Version:  v12.14.0
[debug] [2020-05-08T10:58:29.863Z] Time:          Fri May 08 2020 11:58:29 GMT+0100 (West Africa Standard Time)
[debug] [2020-05-08T10:58:29.865Z] ----------------------------------------------------------------------
[debug] [2020-05-08T10:58:29.865Z] 
[debug] [2020-05-08T10:58:29.885Z] > command requires scopes: ["email","openid","https://www.googleapis.com/auth/cloudplatformprojects.readonly","https://www.googleapis.com/auth/firebase","https://www.googleapis.com/auth/cloud-platform"]
[debug] [2020-05-08T10:58:29.886Z] > authorizing via signed-in user
[debug] [2020-05-08T10:58:29.888Z] [iam] checking project contact-form-ripple-impact for permissions ["firebase.projects.get","runtimeconfig.configs.create","runtimeconfig.configs.delete","runtimeconfig.configs.get","runtimeconfig.configs.list","runtimeconfig.configs.update","runtimeconfig.variables.create","runtimeconfig.variables.delete","runtimeconfig.variables.get","runtimeconfig.variables.list","runtimeconfig.variables.update"]
[debug] [2020-05-08T10:58:29.894Z] >>> HTTP REQUEST POST https://cloudresourcemanager.googleapis.com/v1/projects/contact-form-ripple-impact:testIamPermissions  
 {"permissions":["firebase.projects.get","runtimeconfig.configs.create","runtimeconfig.configs.delete","runtimeconfig.configs.get","runtimeconfig.configs.list","runtimeconfig.configs.update","runtimeconfig.variables.create","runtimeconfig.variables.delete","runtimeconfig.variables.get","runtimeconfig.variables.list","runtimeconfig.variables.update"]}
[debug] [2020-05-08T10:58:32.184Z] <<< HTTP RESPONSE 200 {"content-type":"application/json; charset=UTF-8","vary":"X-Origin, Referer, Origin,Accept-Encoding","date":"Fri, 08 May 2020 10:58:31 GMT","server":"ESF","cache-control":"private","x-xss-protection":"0","x-frame-options":"SAMEORIGIN","x-content-type-options":"nosniff","server-timing":"gfet4t7; dur=1117","alt-svc":"h3-27=\":443\"; ma=2592000,h3-25=\":443\"; ma=2592000,h3-Q050=\":443\"; ma=2592000,h3-Q049=\":443\"; ma=2592000,h3-Q048=\":443\"; ma=2592000,h3-Q046=\":443\"; ma=2592000,h3-Q043=\":443\"; ma=2592000,quic=\":443\"; ma=2592000; v=\"46,43\"","accept-ranges":"none","transfer-encoding":"chunked"}
[debug] [2020-05-08T10:58:32.188Z] >>> HTTP REQUEST GET https://serviceusage.googleapis.com/v1/projects/contact-form-ripple-impact/services/runtimeconfig.googleapis.com  
 
[debug] [2020-05-08T10:58:54.673Z] Error: connect ETIMEDOUT 216.58.223.202:443
    at TCPConnectWrap.afterConnect [as oncomplete] (net.js:1129:14)
[error] 
[error] Error: Server Error. connect ETIMEDOUT 216.58.223.202:443
[debug] [2020-05-08T10:59:16.778Z] ----------------------------------------------------------------------
[debug] [2020-05-08T10:59:16.789Z] Command:       C:\Program Files\nodejs\node.exe C:\Users\23480\AppData\Roaming\npm\node_modules\firebase-tools\lib\bin\firebase.js deploy
[debug] [2020-05-08T10:59:16.789Z] CLI Version:   8.2.0
[debug] [2020-05-08T10:59:16.790Z] Platform:      win32
[debug] [2020-05-08T10:59:16.790Z] Node Version:  v12.14.0
[debug] [2020-05-08T10:59:16.794Z] Time:          Fri May 08 2020 11:59:16 GMT+0100 (West Africa Standard Time)
[debug] [2020-05-08T10:59:16.794Z] ----------------------------------------------------------------------
[debug] [2020-05-08T10:59:16.795Z] 
[debug] [2020-05-08T10:59:16.820Z] > command requires scopes: ["email","openid","https://www.googleapis.com/auth/cloudplatformprojects.readonly","https://www.googleapis.com/auth/firebase","https://www.googleapis.com/auth/cloud-platform"]
[debug] [2020-05-08T10:59:16.822Z] > authorizing via signed-in user
[debug] [2020-05-08T10:59:16.822Z] [iam] checking project contact-form-ripple-impact for permissions ["cloudfunctions.functions.create","cloudfunctions.functions.delete","cloudfunctions.functions.get","cloudfunctions.functions.list","cloudfunctions.functions.update","cloudfunctions.operations.get","firebase.projects.get"]
[debug] [2020-05-08T10:59:16.829Z] >>> HTTP REQUEST POST https://cloudresourcemanager.googleapis.com/v1/projects/contact-form-ripple-impact:testIamPermissions  
 {"permissions":["cloudfunctions.functions.create","cloudfunctions.functions.delete","cloudfunctions.functions.get","cloudfunctions.functions.list","cloudfunctions.functions.update","cloudfunctions.operations.get","firebase.projects.get"]}
[debug] [2020-05-08T10:59:18.593Z] <<< HTTP RESPONSE 200 {"content-type":"application/json; charset=UTF-8","vary":"X-Origin, Referer, Origin,Accept-Encoding","date":"Fri, 08 May 2020 10:59:18 GMT","server":"ESF","cache-control":"private","x-xss-protection":"0","x-frame-options":"SAMEORIGIN","x-content-type-options":"nosniff","server-timing":"gfet4t7; dur=1095","alt-svc":"h3-27=\":443\"; ma=2592000,h3-25=\":443\"; ma=2592000,h3-Q050=\":443\"; ma=2592000,h3-Q049=\":443\"; ma=2592000,h3-Q048=\":443\"; ma=2592000,h3-Q046=\":443\"; ma=2592000,h3-Q043=\":443\"; ma=2592000,quic=\":443\"; ma=2592000; v=\"46,43\"","accept-ranges":"none","transfer-encoding":"chunked"}
[debug] [2020-05-08T10:59:18.600Z] >>> HTTP REQUEST POST https://iam.googleapis.com/v1/projects/contact-form-ripple-impact/serviceAccounts/contact-form-ripple-impact@appspot.gserviceaccount.com:testIamPermissions  
 {"permissions":["iam.serviceAccounts.actAs"]}
[debug] [2020-05-08T10:59:39.797Z] [functions] service account IAM check errored, deploy may fail:Server Error. connect ETIMEDOUT 216.58.223.202:443 {"name":"FirebaseError","children":[],"exit":2,"message":"Server Error. connect ETIMEDOUT 216.58.223.202:443","original":{"errno":"ETIMEDOUT","code":"ETIMEDOUT","syscall":"connect","address":"216.58.223.202","port":443},"status":500}
[info] 
[info] === Deploying to 'contact-form-ripple-impact'...
[info] 
[info] i  deploying functions
[debug] [2020-05-08T10:59:48.741Z] > [functions] package.json contents: {
  "name": "functions",
  "description": "Cloud Functions for Firebase",
  "scripts": {
    "serve": "firebase emulators:start --only functions",
    "shell": "firebase functions:shell",
    "start": "npm run shell",
    "deploy": "firebase deploy --only functions",
    "logs": "firebase functions:log"
  },
  "engines": {
    "node": "8"
  },
  "dependencies": {
    "cors": "^2.8.5",
    "firebase-admin": "^8.10.0",
    "firebase-functions": "^3.6.1",
    "nodemailer": "^6.4.6"
  },
  "devDependencies": {
    "firebase-functions-test": "^0.2.0"
  },
  "private": true
}
[info] i  functions: ensuring required API cloudfunctions.googleapis.com is enabled...
[debug] [2020-05-08T10:59:52.500Z] [functions] runtime dependency check dates: warning: 2020-05-12T00:00:00.000Z error: 2020-06-23T00:00:00.000Z
[debug] [2020-05-08T10:59:52.500Z] >>> HTTP REQUEST GET https://serviceusage.googleapis.com/v1/projects/contact-form-ripple-impact/services/cloudfunctions.googleapis.com  
 
[debug] [2020-05-08T10:59:52.501Z] >>> HTTP REQUEST GET https://serviceusage.googleapis.com/v1/projects/contact-form-ripple-impact/services/runtimeconfig.googleapis.com  
 
[debug] [2020-05-08T11:00:09.619Z] <<< HTTP RESPONSE 200 {"content-type":"application/json; charset=UTF-8","vary":"X-Origin, Referer, Origin,Accept-Encoding","date":"Fri, 08 May 2020 11:00:08 GMT","server":"ESF","cache-control":"private","x-xss-protection":"0","x-frame-options":"SAMEORIGIN","x-content-type-options":"nosniff","alt-svc":"h3-27=\":443\"; ma=2592000,h3-25=\":443\"; ma=2592000,h3-Q050=\":443\"; ma=2592000,h3-Q049=\":443\"; ma=2592000,h3-Q048=\":443\"; ma=2592000,h3-Q046=\":443\"; ma=2592000,h3-Q043=\":443\"; ma=2592000,quic=\":443\"; ma=2592000; v=\"46,43\"","accept-ranges":"none","transfer-encoding":"chunked"}
[debug] [2020-05-08T11:00:15.548Z] Error: connect ETIMEDOUT 216.58.223.202:443
    at TCPConnectWrap.afterConnect [as oncomplete] (net.js:1129:14)
[error] 
[error] Error: Server Error. connect ETIMEDOUT 216.58.223.202:443
